[debug] [2022-07-13T01:11:01.919Z] ----------------------------------------------------------------------
[debug] [2022-07-13T01:11:01.921Z] Command:       /usr/local/bin/node /usr/local/bin/firebase init
[debug] [2022-07-13T01:11:01.922Z] CLI Version:   11.2.2
[debug] [2022-07-13T01:11:01.922Z] Platform:      darwin
[debug] [2022-07-13T01:11:01.922Z] Node Version:  v18.5.0
[debug] [2022-07-13T01:11:01.933Z] Time:          Tue Jul 12 2022 21:11:01 GMT-0400 (Eastern Daylight Time)
[debug] [2022-07-13T01:11:01.933Z] ----------------------------------------------------------------------
[debug] 
[debug] [2022-07-13T01:11:01.939Z] > command requires scopes: ["email","openid","https://www.googleapis.com/auth/cloudplatformprojects.readonly","https://www.googleapis.com/auth/firebase","https://www.googleapis.com/auth/cloud-platform"]
[debug] [2022-07-13T01:11:01.940Z] > authorizing via signed-in user (mhamann@edu.uwaterloo.ca)
[info] 
     ######## #### ########  ######## ########     ###     ######  ########
     ##        ##  ##     ## ##       ##     ##  ##   ##  ##       ##
     ######    ##  ########  ######   ########  #########  ######  ######
     ##        ##  ##    ##  ##       ##     ## ##     ##       ## ##
     ##       #### ##     ## ######## ########  ##     ##  ######  ########

You're about to initialize a Firebase project in this directory:

  /Users/markushamann/Documents/Development/MH-Personal-Site

[info] 
=== Project Setup
[info] 
[info] First, let's associate this project directory with a Firebase project.
[info] You can create multiple project aliases by running firebase use --add, 
[info] but for now we'll just set up a default project.
[info] 
[debug] [2022-07-13T01:12:52.691Z] >>> [apiv2][query] GET https://firebase.googleapis.com/v1beta1/projects pageSize=100
[debug] [2022-07-13T01:12:53.264Z] <<< [apiv2][status] GET https://firebase.googleapis.com/v1beta1/projects 200
[debug] [2022-07-13T01:12:53.264Z] <<< [apiv2][body] GET https://firebase.googleapis.com/v1beta1/projects [omitted]
[info] i  Using project markus-hamann-personal-website (markus-hamann-personal-website) 
[info] 
=== Hosting Setup
[info] 
[info] Your public directory is the folder (relative to your project directory) that
[info] will contain Hosting assets to be uploaded with firebase deploy. If you
[info] have a build process for your assets, use your build's output directory.
[info] 
